(399, 'ETHBTC', Decimal('0.0001000000'), Decimal('0.0000010000')) 1668651469966 2022-11-17 09:17:49.966000 2022-11-17 10:00:00 1000
(399, 'ETHBTC', Decimal('0.0001000000'), Decimal('0.0000010000')) 1672253999999 2022-12-29 01:59:59.999000 2022-12-29 02:00:00 1000
(399, 'ETHBTC', Decimal('0.0001000000'), Decimal('0.0000010000')) 1675853999999 2023-02-08 17:59:59.999000 2023-02-08 18:00:00 1000
(399, 'ETHBTC', Decimal('0.0001000000'), Decimal('0.0000010000')) 1679453999999 2023-03-22 09:59:59.999000 2023-03-22 10:00:00 1000
(399, 'ETHBTC', Decimal('0.0001000000'), Decimal('0.0000010000')) 1683057599999 2023-05-03 02:59:59.999000 2023-05-03 03:00:00 319
(400, 'LTCBTC', Decimal('0.0010000000'), Decimal('0.0000010000')) 1668651469966 2022-11-17 09:17:49.966000 2022-11-17 10:00:00 1000
(400, 'LTCBTC', Decimal('0.0010000000'), Decimal('0.0000010000')) 1672253999999 2022-12-29 01:59:59.999000 2022-12-29 02:00:00 1000
(400, 'LTCBTC', Decimal('0.0010000000'), Decimal('0.0000010000')) 1675853999999 2023-02-08 17:59:59.999000 2023-02-08 18:00:00 1000
(400, 'LTCBTC', Decimal('0.0010000000'), Decimal('0.0000010000')) 1679453999999 2023-03-22 09:59:59.999000 2023-03-22 10:00:00 1000
(400, 'LTCBTC', Decimal('0.0010000000'), Decimal('0.0000010000')) 1683057599999 2023-05-03 02:59:59.999000 2023-05-03 03:00:00 319
(401, 'BNBBTC', Decimal('0.0010000000'), Decimal('0.0000010000')) 1668651469966 2022-11-17 09:17:49.966000 2022-11-17 10:00:00 1000
(401, 'BNBBTC', Decimal('0.0010000000'), Decimal('0.0000010000')) 1672253999999 2022-12-29 01:59:59.999000 2022-12-29 02:00:00 1000
(401, 'BNBBTC', Decimal('0.0010000000'), Decimal('0.0000010000')) 1675853999999 2023-02-08 17:59:59.999000 2023-02-08 18:00:00 1000
(401, 'BNBBTC', Decimal('0.0010000000'), Decimal('0.0000010000')) 1679453999999 2023-03-22 09:59:59.999000 2023-03-22 10:00:00 1000
(401, 'BNBBTC', Decimal('0.0010000000'), Decimal('0.0000010000')) 1683057599999 2023-05-03 02:59:59.999000 2023-05-03 03:00:00 319
(402, 'NEOBTC', Decimal('0.0100000000'), Decimal('0.0000010000')) 1668651469966 2022-11-17 09:17:49.966000 2022-11-17 10:00:00 1000
(402, 'NEOBTC', Decimal('0.0100000000'), Decimal('0.0000010000')) 1672253999999 2022-12-29 01:59:59.999000 2022-12-29 02:00:00 1000
(402, 'NEOBTC', Decimal('0.0100000000'), Decimal('0.0000010000')) 1675853999999 2023-02-08 17:59:59.999000 2023-02-08 18:00:00 1000
(402, 'NEOBTC', Decimal('0.0100000000'), Decimal('0.0000010000')) 1679453999999 2023-03-22 09:59:59.999000 2023-03-22 10:00:00 1000
(402, 'NEOBTC', Decimal('0.0100000000'), Decimal('0.0000010000')) 1683057599999 2023-05-03 02:59:59.999000 2023-05-03 03:00:00 319
(403, 'QTUMETH', Decimal('0.1000000000'), Decimal('0.0000010000')) 1668651469966 2022-11-17 09:17:49.966000 2022-11-17 10:00:00 1000
(403, 'QTUMETH', Decimal('0.1000000000'), Decimal('0.0000010000')) 1672253999999 2022-12-29 01:59:59.999000 2022-12-29 02:00:00 1000
(403, 'QTUMETH', Decimal('0.1000000000'), Decimal('0.0000010000')) 1675853999999 2023-02-08 17:59:59.999000 2023-02-08 18:00:00 1000
(403, 'QTUMETH', Decimal('0.1000000000'), Decimal('0.0000010000')) 1679453999999 2023-03-22 09:59:59.999000 2023-03-22 10:00:00 1000
(403, 'QTUMETH', Decimal('0.1000000000'), Decimal('0.0000010000')) 1683057599999 2023-05-03 02:59:59.999000 2023-05-03 03:00:00 319
(404, 'EOSETH', Decimal('0.1000000000'), Decimal('0.0000010000')) 1668651469966 2022-11-17 09:17:49.966000 2022-11-17 10:00:00 1000
(404, 'EOSETH', Decimal('0.1000000000'), Decimal('0.0000010000')) 1672253999999 2022-12-29 01:59:59.999000 2022-12-29 02:00:00 1000
(404, 'EOSETH', Decimal('0.1000000000'), Decimal('0.0000010000')) 1675853999999 2023-02-08 17:59:59.999000 2023-02-08 18:00:00 1000
(404, 'EOSETH', Decimal('0.1000000000'), Decimal('0.0000010000')) 1679453999999 2023-03-22 09:59:59.999000 2023-03-22 10:00:00 1000
(404, 'EOSETH', Decimal('0.1000000000'), Decimal('0.0000010000')) 1683057599999 2023-05-03 02:59:59.999000 2023-05-03 03:00:00 319
(405, 'SNTETH', Decimal('1.0000000000'), Decimal('1.00E-8')) 1668651469966 2022-11-17 09:17:49.966000 2022-11-17 10:00:00 1000
(405, 'SNTETH', Decimal('1.0000000000'), Decimal('1.00E-8')) 1672253999999 2022-12-29 01:59:59.999000 2022-12-29 02:00:00 1000
(405, 'SNTETH', Decimal('1.0000000000'), Decimal('1.00E-8')) 1675853999999 2023-02-08 17:59:59.999000 2023-02-08 18:00:00 1000
(405, 'SNTETH', Decimal('1.0000000000'), Decimal('1.00E-8')) 1679453999999 2023-03-22 09:59:59.999000 2023-03-22 10:00:00 1000
(405, 'SNTETH', Decimal('1.0000000000'), Decimal('1.00E-8')) 1683057599999 2023-05-03 02:59:59.999000 2023-05-03 03:00:00 319
(406, 'BNTETH', Decimal('0.1000000000'), Decimal('1.000E-7')) 1668651469966 2022-11-17 09:17:49.966000 2022-11-17 10:00:00 1000
(406, 'BNTETH', Decimal('0.1000000000'), Decimal('1.000E-7')) 1672253999999 2022-12-29 01:59:59.999000 2022-12-29 02:00:00 1000
(406, 'BNTETH', Decimal('0.1000000000'), Decimal('1.000E-7')) 1675853999999 2023-02-08 17:59:59.999000 2023-02-08 18:00:00 1000
(406, 'BNTETH', Decimal('0.1000000000'), Decimal('1.000E-7')) 1679453999999 2023-03-22 09:59:59.999000 2023-03-22 10:00:00 1000
(406, 'BNTETH', Decimal('0.1000000000'), Decimal('1.000E-7')) 1683057599999 2023-05-03 02:59:59.999000 2023-05-03 03:00:00 319
(408, 'GASBTC', Decimal('0.1000000000'), Decimal('1.000E-7')) 1668651469966 2022-11-17 09:17:49.966000 2022-11-17 10:00:00 1000
(408, 'GASBTC', Decimal('0.1000000000'), Decimal('1.000E-7')) 1672253999999 2022-12-29 01:59:59.999000 2022-12-29 02:00:00 1000
(408, 'GASBTC', Decimal('0.1000000000'), Decimal('1.000E-7')) 1675853999999 2023-02-08 17:59:59.999000 2023-02-08 18:00:00 1000
(408, 'GASBTC', Decimal('0.1000000000'), Decimal('1.000E-7')) 1679453999999 2023-03-22 09:59:59.999000 2023-03-22 10:00:00 1000
(408, 'GASBTC', Decimal('0.1000000000'), Decimal('1.000E-7')) 1683057599999 2023-05-03 02:59:59.999000 2023-05-03 03:00:00 319
(409, 'BNBETH', Decimal('0.0010000000'), Decimal('0.0001000000')) 1668651469966 2022-11-17 09:17:49.966000 2022-11-17 10:00:00 1000
(409, 'BNBETH', Decimal('0.0010000000'), Decimal('0.0001000000')) 1672253999999 2022-12-29 01:59:59.999000 2022-12-29 02:00:00 1000
(409, 'BNBETH', Decimal('0.0010000000'), Decimal('0.0001000000')) 1675853999999 2023-02-08 17:59:59.999000 2023-02-08 18:00:00 1000
(409, 'BNBETH', Decimal('0.0010000000'), Decimal('0.0001000000')) 1679453999999 2023-03-22 09:59:59.999000 2023-03-22 10:00:00 1000
(409, 'BNBETH', Decimal('0.0010000000'), Decimal('0.0001000000')) 1683057599999 2023-05-03 02:59:59.999000 2023-05-03 03:00:00 319
(410, 'BTCUSDT', Decimal('0.0000100000'), Decimal('0.0100000000')) 1668651469966 2022-11-17 09:17:49.966000 2022-11-17 10:00:00 1000
(410, 'BTCUSDT', Decimal('0.0000100000'), Decimal('0.0100000000')) 1672253999999 2022-12-29 01:59:59.999000 2022-12-29 02:00:00 1000
(410, 'BTCUSDT', Decimal('0.0000100000'), Decimal('0.0100000000')) 1675853999999 2023-02-08 17:59:59.999000 2023-02-08 18:00:00 1000
(410, 'BTCUSDT', Decimal('0.0000100000'), Decimal('0.0100000000')) 1679453999999 2023-03-22 09:59:59.999000 2023-03-22 10:00:00 1000
(410, 'BTCUSDT', Decimal('0.0000100000'), Decimal('0.0100000000')) 1683057599999 2023-05-03 02:59:59.999000 2023-05-03 03:00:00 319
(411, 'ETHUSDT', Decimal('0.0001000000'), Decimal('0.0100000000')) 1668651469966 2022-11-17 09:17:49.966000 2022-11-17 10:00:00 1000
(411, 'ETHUSDT', Decimal('0.0001000000'), Decimal('0.0100000000')) 1672253999999 2022-12-29 01:59:59.999000 2022-12-29 02:00:00 1000
(411, 'ETHUSDT', Decimal('0.0001000000'), Decimal('0.0100000000')) 1675853999999 2023-02-08 17:59:59.999000 2023-02-08 18:00:00 1000
(411, 'ETHUSDT', Decimal('0.0001000000'), Decimal('0.0100000000')) 1679453999999 2023-03-22 09:59:59.999000 2023-03-22 10:00:00 1000
(411, 'ETHUSDT', Decimal('0.0001000000'), Decimal('0.0100000000')) 1683057599999 2023-05-03 02:59:59.999000 2023-05-03 03:00:00 319
(418, 'WTCBTC', Decimal('1.0000000000'), Decimal('1.00E-8')) 1668651469966 2022-11-17 09:17:49.966000 2022-11-17 10:00:00 1000
(418, 'WTCBTC', Decimal('1.0000000000'), Decimal('1.00E-8')) 1672253999999 2022-12-29 01:59:59.999000 2022-12-29 02:00:00 1000
(418, 'WTCBTC', Decimal('1.0000000000'), Decimal('1.00E-8')) 1675853999999 2023-02-08 17:59:59.999000 2023-02-08 18:00:00 1000
(418, 'WTCBTC', Decimal('1.0000000000'), Decimal('1.00E-8')) 1679453999999 2023-03-22 09:59:59.999000 2023-03-22 10:00:00 1000
(418, 'WTCBTC', Decimal('1.0000000000'), Decimal('1.00E-8')) 1683057599999 2023-05-03 02:59:59.999000 2023-05-03 03:00:00 319
(420, 'LRCBTC', Decimal('1.0000000000'), Decimal('1.00E-8')) 1668651469966 2022-11-17 09:17:49.966000 2022-11-17 10:00:00 1000
(420, 'LRCBTC', Decimal('1.0000000000'), Decimal('1.00E-8')) 1672253999999 2022-12-29 01:59:59.999000 2022-12-29 02:00:00 1000
(420, 'LRCBTC', Decimal('1.0000000000'), Decimal('1.00E-8')) 1675853999999 2023-02-08 17:59:59.999000 2023-02-08 18:00:00 1000
(420, 'LRCBTC', Decimal('1.0000000000'), Decimal('1.00E-8')) 1679453999999 2023-03-22 09:59:59.999000 2023-03-22 10:00:00 1000
(420, 'LRCBTC', Decimal('1.0000000000'), Decimal('1.00E-8')) 1683057599999 2023-05-03 02:59:59.999000 2023-05-03 03:00:00 319
(421, 'LRCETH', Decimal('1.0000000000'), Decimal('1.00E-8')) 1668651469966 2022-11-17 09:17:49.966000 2022-11-17 10:00:00 1000
(421, 'LRCETH', Decimal('1.0000000000'), Decimal('1.00E-8')) 1672253999999 2022-12-29 01:59:59.999000 2022-12-29 02:00:00 1000
(421, 'LRCETH', Decimal('1.0000000000'), Decimal('1.00E-8')) 1675853999999 2023-02-08 17:59:59.999000 2023-02-08 18:00:00 1000
(421, 'LRCETH', Decimal('1.0000000000'), Decimal('1.00E-8')) 1679453999999 2023-03-22 09:59:59.999000 2023-03-22 10:00:00 1000
(421, 'LRCETH', Decimal('1.0000000000'), Decimal('1.00E-8')) 1683057599999 2023-05-03 02:59:59.999000 2023-05-03 03:00:00 319
(422, 'QTUMBTC', Decimal('0.1000000000'), Decimal('1.000E-7')) 1668651469966 2022-11-17 09:17:49.966000 2022-11-17 10:00:00 1000
(422, 'QTUMBTC', Decimal('0.1000000000'), Decimal('1.000E-7')) 1672253999999 2022-12-29 01:59:59.999000 2022-12-29 02:00:00 1000
(422, 'QTUMBTC', Decimal('0.1000000000'), Decimal('1.000E-7')) 1675853999999 2023-02-08 17:59:59.999000 2023-02-08 18:00:00 1000
(422, 'QTUMBTC', Decimal('0.1000000000'), Decimal('1.000E-7')) 1679453999999 2023-03-22 09:59:59.999000 2023-03-22 10:00:00 1000
(422, 'QTUMBTC', Decimal('0.1000000000'), Decimal('1.000E-7')) 1683057599999 2023-05-03 02:59:59.999000 2023-05-03 03:00:00 319
(424, 'OMGBTC', Decimal('0.1000000000'), Decimal('1.000E-7')) 1668651469966 2022-11-17 09:17:49.966000 2022-11-17 10:00:00 1000
(424, 'OMGBTC', Decimal('0.1000000000'), Decimal('1.000E-7')) 1672253999999 2022-12-29 01:59:59.999000 2022-12-29 02:00:00 1000
(424, 'OMGBTC', Decimal('0.1000000000'), Decimal('1.000E-7')) 1675853999999 2023-02-08 17:59:59.999000 2023-02-08 18:00:00 1000
(424, 'OMGBTC', Decimal('0.1000000000'), Decimal('1.000E-7')) 1679453999999 2023-03-22 09:59:59.999000 2023-03-22 10:00:00 1000
(424, 'OMGBTC', Decimal('0.1000000000'), Decimal('1.000E-7')) 1683057599999 2023-05-03 02:59:59.999000 2023-05-03 03:00:00 199
(425, 'OMGETH', Decimal('0.1000000000'), Decimal('0.0000010000')) 1668651469966 2022-11-17 09:17:49.966000 2022-11-17 10:00:00 1000
(425, 'OMGETH', Decimal('0.1000000000'), Decimal('0.0000010000')) 1672253999999 2022-12-29 01:59:59.999000 2022-12-29 02:00:00 1000
(425, 'OMGETH', Decimal('0.1000000000'), Decimal('0.0000010000')) 1675853999999 2023-02-08 17:59:59.999000 2023-02-08 18:00:00 1000
(425, 'OMGETH', Decimal('0.1000000000'), Decimal('0.0000010000')) 1679453999999 2023-03-22 09:59:59.999000 2023-03-22 10:00:00 386
(426, 'ZRXBTC', Decimal('1.0000000000'), Decimal('1.00E-8')) 1668651469966 2022-11-17 09:17:49.966000 2022-11-17 10:00:00 1000
(426, 'ZRXBTC', Decimal('1.0000000000'), Decimal('1.00E-8')) 1672253999999 2022-12-29 01:59:59.999000 2022-12-29 02:00:00 1000
(426, 'ZRXBTC', Decimal('1.0000000000'), Decimal('1.00E-8')) 1675853999999 2023-02-08 17:59:59.999000 2023-02-08 18:00:00 1000
(426, 'ZRXBTC', Decimal('1.0000000000'), Decimal('1.00E-8')) 1679453999999 2023-03-22 09:59:59.999000 2023-03-22 10:00:00 1000
(426, 'ZRXBTC', Decimal('1.0000000000'), Decimal('1.00E-8')) 1683057599999 2023-05-03 02:59:59.999000 2023-05-03 03:00:00 319
(427, 'ZRXETH', Decimal('1.0000000000'), Decimal('1.000E-7')) 1668651469966 2022-11-17 09:17:49.966000 2022-11-17 10:00:00 1000
(427, 'ZRXETH', Decimal('1.0000000000'), Decimal('1.000E-7')) 1672253999999 2022-12-29 01:59:59.999000 2022-12-29 02:00:00 1000
(427, 'ZRXETH', Decimal('1.0000000000'), Decimal('1.000E-7')) 1675853999999 2023-02-08 17:59:59.999000 2023-02-08 18:00:00 1000
(427, 'ZRXETH', Decimal('1.0000000000'), Decimal('1.000E-7')) 1679453999999 2023-03-22 09:59:59.999000 2023-03-22 10:00:00 1000
(427, 'ZRXETH', Decimal('1.0000000000'), Decimal('1.000E-7')) 1683057599999 2023-05-03 02:59:59.999000 2023-05-03 03:00:00 319
(434, 'KNCBTC', Decimal('0.1000000000'), Decimal('1.00E-8')) 1668651469966 2022-11-17 09:17:49.966000 2022-11-17 10:00:00 1000
(434, 'KNCBTC', Decimal('0.1000000000'), Decimal('1.00E-8')) 1672253999999 2022-12-29 01:59:59.999000 2022-12-29 02:00:00 1000
(434, 'KNCBTC', Decimal('0.1000000000'), Decimal('1.00E-8')) 1675853999999 2023-02-08 17:59:59.999000 2023-02-08 18:00:00 1000
(434, 'KNCBTC', Decimal('0.1000000000'), Decimal('1.00E-8')) 1679453999999 2023-03-22 09:59:59.999000 2023-03-22 10:00:00 1000
(434, 'KNCBTC', Decimal('0.1000000000'), Decimal('1.00E-8')) 1683057599999 2023-05-03 02:59:59.999000 2023-05-03 03:00:00 319
(435, 'KNCETH', Decimal('0.1000000000'), Decimal('1.000E-7')) 1668651469966 2022-11-17 09:17:49.966000 2022-11-17 10:00:00 1000
(435, 'KNCETH', Decimal('0.1000000000'), Decimal('1.000E-7')) 1672253999999 2022-12-29 01:59:59.999000 2022-12-29 02:00:00 1000
(435, 'KNCETH', Decimal('0.1000000000'), Decimal('1.000E-7')) 1675853999999 2023-02-08 17:59:59.999000 2023-02-08 18:00:00 1000
(435, 'KNCETH', Decimal('0.1000000000'), Decimal('1.000E-7')) 1679453999999 2023-03-22 09:59:59.999000 2023-03-22 10:00:00 51
(437, 'FUNETH', Decimal('1.0000000000'), Decimal('1.00E-8')) 1668651469966 2022-11-17 09:17:49.966000 2022-11-17 10:00:00 1000
(437, 'FUNETH', Decimal('1.0000000000'), Decimal('1.00E-8')) 1672253999999 2022-12-29 01:59:59.999000 2022-12-29 02:00:00 1000
(437, 'FUNETH', Decimal('1.0000000000'), Decimal('1.00E-8')) 1675853999999 2023-02-08 17:59:59.999000 2023-02-08 18:00:00 1000
(437, 'FUNETH', Decimal('1.0000000000'), Decimal('1.00E-8')) 1679453999999 2023-03-22 09:59:59.999000 2023-03-22 10:00:00 1000
(437, 'FUNETH', Decimal('1.0000000000'), Decimal('1.00E-8')) 1683057599999 2023-05-03 02:59:59.999000 2023-05-03 03:00:00 319
(438, 'SNMBTC', Decimal('1.0000000000'), Decimal('1.00E-8')) 1668651469966 2022-11-17 09:17:49.966000 2022-11-17 10:00:00 1000
(438, 'SNMBTC', Decimal('1.0000000000'), Decimal('1.00E-8')) 1672253999999 2022-12-29 01:59:59.999000 2022-12-29 02:00:00 1000
(438, 'SNMBTC', Decimal('1.0000000000'), Decimal('1.00E-8')) 1675853999999 2023-02-08 17:59:59.999000 2023-02-08 18:00:00 1000
(438, 'SNMBTC', Decimal('1.0000000000'), Decimal('1.00E-8')) 1679453999999 2023-03-22 09:59:59.999000 2023-03-22 10:00:00 1000
(438, 'SNMBTC', Decimal('1.0000000000'), Decimal('1.00E-8')) 1683057599999 2023-05-03 02:59:59.999000 2023-05-03 03:00:00 319
Traceback (most recent call last):
  File "crawl_data_binance.py", line 117, in <module>
    crawler.insert_symbols_candlestick_data()
  File "crawl_data_binance.py", line 109, in insert_symbols_candlestick_data
    klines = self.get_klines_startTime(symbol[self.COIN_INFO_SYMBOL], closeTime + 1)
  File "crawl_data_binance.py", line 95, in get_klines_startTime
    limit = self.KLINE_LIMIT)
  File "/home/dioxtfeq/virtualenv/alchemist/3.7/lib/python3.7/site-packages/binance/client.py", line 918, in get_klines
    return self._get('klines', data=params, version=self.PRIVATE_API_VERSION)
  File "/home/dioxtfeq/virtualenv/alchemist/3.7/lib/python3.7/site-packages/binance/client.py", line 414, in _get
    return self._request_api('get', path, signed, version, **kwargs)
  File "/home/dioxtfeq/virtualenv/alchemist/3.7/lib/python3.7/site-packages/binance/client.py", line 377, in _request_api
    return self._request(method, uri, signed, **kwargs)
  File "/home/dioxtfeq/virtualenv/alchemist/3.7/lib/python3.7/site-packages/binance/client.py", line 357, in _request
    self.response = getattr(self.session, method)(uri, **kwargs)
  File "/home/dioxtfeq/virtualenv/alchemist/3.7/lib/python3.7/site-packages/requests/sessions.py", line 600, in get
    return self.request("GET", url, **kwargs)
  File "/home/dioxtfeq/virtualenv/alchemist/3.7/lib/python3.7/site-packages/requests/sessions.py", line 587, in request
    resp = self.send(prep, **send_kwargs)
  File "/home/dioxtfeq/virtualenv/alchemist/3.7/lib/python3.7/site-packages/requests/sessions.py", line 701, in send
    r = adapter.send(request, **kwargs)
  File "/home/dioxtfeq/virtualenv/alchemist/3.7/lib/python3.7/site-packages/requests/adapters.py", line 497, in send
    chunked=chunked,
  File "/home/dioxtfeq/virtualenv/alchemist/3.7/lib/python3.7/site-packages/urllib3/connectionpool.py", line 710, in urlopen
    chunked=chunked,
  File "/home/dioxtfeq/virtualenv/alchemist/3.7/lib/python3.7/site-packages/urllib3/connectionpool.py", line 449, in _make_request
    six.raise_from(e, None)
  File "<string>", line 3, in raise_from
  File "/home/dioxtfeq/virtualenv/alchemist/3.7/lib/python3.7/site-packages/urllib3/connectionpool.py", line 444, in _make_request
    httplib_response = conn.getresponse()
  File "/opt/alt/python37/lib64/python3.7/http/client.py", line 1373, in getresponse
    response.begin()
  File "/opt/alt/python37/lib64/python3.7/http/client.py", line 319, in begin
    version, status, reason = self._read_status()
  File "/opt/alt/python37/lib64/python3.7/http/client.py", line 280, in _read_status
    line = str(self.fp.readline(_MAXLINE + 1), "iso-8859-1")
  File "/opt/alt/python37/lib64/python3.7/socket.py", line 589, in readinto
    return self._sock.recv_into(b)
  File "/opt/alt/python37/lib64/python3.7/ssl.py", line 1071, in recv_into
    return self.read(nbytes, buffer)
  File "/opt/alt/python37/lib64/python3.7/ssl.py", line 929, in read
    return self._sslobj.read(len, buffer)
KeyboardInterrupt
